{"/workspace/js/main.js": {"path":"/workspace/js/main.js","statementMap":{"0":{"start":{"line":40,"column":0},"end":{"line":40,"column":49}}},"fnMap":{},"branchMap":{},"s":{"0":0},"f":{},"b":{}}
,"/workspace/js/modules/admin.js": {"path":"/workspace/js/modules/admin.js","statementMap":{"0":{"start":{"line":7,"column":6},"end":{"line":7,"column":31}},"1":{"start":{"line":11,"column":6},"end":{"line":11,"column":29}},"2":{"start":{"line":15,"column":6},"end":{"line":15,"column":20}}},"fnMap":{"0":{"name":"updateAdminCredentialsScreen","decl":{"start":{"line":6,"column":13},"end":{"line":6,"column":41}},"loc":{"start":{"line":6,"column":44},"end":{"line":8,"column":5}},"line":6},"1":{"name":"toggleUserManagementScreen","decl":{"start":{"line":10,"column":13},"end":{"line":10,"column":39}},"loc":{"start":{"line":10,"column":42},"end":{"line":12,"column":5}},"line":10},"2":{"name":"filterUsersScreen","decl":{"start":{"line":14,"column":13},"end":{"line":14,"column":30}},"loc":{"start":{"line":14,"column":33},"end":{"line":16,"column":5}},"line":14}},"branchMap":{},"s":{"0":0,"1":0,"2":0},"f":{"0":0,"1":0,"2":0},"b":{}}
,"/workspace/js/modules/app-state.js": {"path":"/workspace/js/modules/app-state.js","statementMap":{"0":{"start":{"line":8,"column":21},"end":{"line":22,"column":5}},"1":{"start":{"line":26,"column":26},"end":{"line":31,"column":5}},"2":{"start":{"line":32,"column":23},"end":{"line":32,"column":96}},"3":{"start":{"line":35,"column":4},"end":{"line":38,"column":5}},"4":{"start":{"line":36,"column":6},"end":{"line":36,"column":108}},"5":{"start":{"line":37,"column":6},"end":{"line":37,"column":105}}},"fnMap":{},"branchMap":{"0":{"loc":{"start":{"line":27,"column":16},"end":{"line":27,"column":69}},"type":"binary-expr","locations":[{"start":{"line":27,"column":16},"end":{"line":27,"column":58}},{"start":{"line":27,"column":62},"end":{"line":27,"column":69}}],"line":27},"1":{"loc":{"start":{"line":28,"column":16},"end":{"line":28,"column":72}},"type":"binary-expr","locations":[{"start":{"line":28,"column":16},"end":{"line":28,"column":58}},{"start":{"line":28,"column":62},"end":{"line":28,"column":72}}],"line":28},"2":{"loc":{"start":{"line":29,"column":13},"end":{"line":29,"column":58}},"type":"binary-expr","locations":[{"start":{"line":29,"column":13},"end":{"line":29,"column":52}},{"start":{"line":29,"column":56},"end":{"line":29,"column":58}}],"line":29},"3":{"loc":{"start":{"line":32,"column":23},"end":{"line":32,"column":96}},"type":"binary-expr","locations":[{"start":{"line":32,"column":23},"end":{"line":32,"column":72}},{"start":{"line":32,"column":76},"end":{"line":32,"column":96}}],"line":32},"4":{"loc":{"start":{"line":35,"column":4},"end":{"line":38,"column":5}},"type":"if","locations":[{"start":{"line":35,"column":4},"end":{"line":38,"column":5}},{"start":{},"end":{}}],"line":35},"5":{"loc":{"start":{"line":35,"column":8},"end":{"line":35,"column":77}},"type":"binary-expr","locations":[{"start":{"line":35,"column":8},"end":{"line":35,"column":39}},{"start":{"line":35,"column":43},"end":{"line":35,"column":77}}],"line":35}},"s":{"0":0,"1":0,"2":0,"3":0,"4":0,"5":0},"f":{},"b":{"0":[0,0],"1":[0,0],"2":[0,0],"3":[0,0],"4":[0,0],"5":[0,0]}}
,"/workspace/js/modules/auth.js": {"path":"/workspace/js/modules/auth.js","statementMap":{"0":{"start":{"line":7,"column":23},"end":{"line":7,"column":74}},"1":{"start":{"line":8,"column":20},"end":{"line":8,"column":68}},"2":{"start":{"line":9,"column":23},"end":{"line":9,"column":67}},"3":{"start":{"line":10,"column":6},"end":{"line":10,"column":125}},"4":{"start":{"line":10,"column":36},"end":{"line":10,"column":115}},"5":{"start":{"line":10,"column":116},"end":{"line":10,"column":123}},"6":{"start":{"line":11,"column":20},"end":{"line":11,"column":30}},"7":{"start":{"line":12,"column":6},"end":{"line":12,"column":128}},"8":{"start":{"line":12,"column":26},"end":{"line":12,"column":49}},"9":{"start":{"line":12,"column":54},"end":{"line":12,"column":118}},"10":{"start":{"line":12,"column":119},"end":{"line":12,"column":126}},"11":{"start":{"line":13,"column":6},"end":{"line":13,"column":99}},"12":{"start":{"line":14,"column":6},"end":{"line":14,"column":23}},"13":{"start":{"line":15,"column":6},"end":{"line":15,"column":80}},"14":{"start":{"line":16,"column":6},"end":{"line":16,"column":36}},"15":{"start":{"line":17,"column":6},"end":{"line":17,"column":98}},"16":{"start":{"line":21,"column":23},"end":{"line":21,"column":76}},"17":{"start":{"line":22,"column":27},"end":{"line":22,"column":46}},"18":{"start":{"line":25,"column":6},"end":{"line":30,"column":7}},"19":{"start":{"line":26,"column":26},"end":{"line":26,"column":64}},"20":{"start":{"line":27,"column":28},"end":{"line":27,"column":71}},"21":{"start":{"line":28,"column":8},"end":{"line":28,"column":121}},"22":{"start":{"line":29,"column":8},"end":{"line":29,"column":15}},"23":{"start":{"line":32,"column":27},"end":{"line":32,"column":73}},"24":{"start":{"line":33,"column":23},"end":{"line":33,"column":69}},"25":{"start":{"line":34,"column":6},"end":{"line":34,"column":38}},"26":{"start":{"line":34,"column":39},"end":{"line":34,"column":61}},"27":{"start":{"line":34,"column":62},"end":{"line":34,"column":89}},"28":{"start":{"line":34,"column":90},"end":{"line":34,"column":97}},"29":{"start":{"line":35,"column":20},"end":{"line":35,"column":30}},"30":{"start":{"line":36,"column":19},"end":{"line":36,"column":86}},"31":{"start":{"line":36,"column":35},"end":{"line":36,"column":85}},"32":{"start":{"line":37,"column":6},"end":{"line":37,"column":137}},"33":{"start":{"line":37,"column":19},"end":{"line":37,"column":127}},"34":{"start":{"line":37,"column":128},"end":{"line":37,"column":135}},"35":{"start":{"line":38,"column":6},"end":{"line":38,"column":22}},"36":{"start":{"line":39,"column":6},"end":{"line":39,"column":33}},"37":{"start":{"line":43,"column":6},"end":{"line":43,"column":34}},"38":{"start":{"line":44,"column":6},"end":{"line":44,"column":47}},"39":{"start":{"line":45,"column":6},"end":{"line":45,"column":76}},"40":{"start":{"line":46,"column":6},"end":{"line":46,"column":77}},"41":{"start":{"line":47,"column":6},"end":{"line":47,"column":78}},"42":{"start":{"line":50,"column":26},"end":{"line":50,"column":64}},"43":{"start":{"line":51,"column":6},"end":{"line":53,"column":7}},"44":{"start":{"line":52,"column":8},"end":{"line":52,"column":96}},"45":{"start":{"line":55,"column":6},"end":{"line":72,"column":7}},"46":{"start":{"line":56,"column":8},"end":{"line":56,"column":71}},"47":{"start":{"line":57,"column":8},"end":{"line":57,"column":91}},"48":{"start":{"line":58,"column":8},"end":{"line":58,"column":80}},"49":{"start":{"line":59,"column":8},"end":{"line":59,"column":83}},"50":{"start":{"line":60,"column":8},"end":{"line":60,"column":33}},"51":{"start":{"line":61,"column":8},"end":{"line":61,"column":29}},"52":{"start":{"line":62,"column":8},"end":{"line":62,"column":31}},"53":{"start":{"line":63,"column":8},"end":{"line":63,"column":34}},"54":{"start":{"line":64,"column":8},"end":{"line":64,"column":23}},"55":{"start":{"line":65,"column":8},"end":{"line":65,"column":92}},"56":{"start":{"line":67,"column":8},"end":{"line":67,"column":95}},"57":{"start":{"line":68,"column":8},"end":{"line":68,"column":112}},"58":{"start":{"line":69,"column":8},"end":{"line":69,"column":83}},"59":{"start":{"line":70,"column":8},"end":{"line":70,"column":82}},"60":{"start":{"line":71,"column":8},"end":{"line":71,"column":33}},"61":{"start":{"line":73,"column":6},"end":{"line":73,"column":68}},"62":{"start":{"line":74,"column":6},"end":{"line":77,"column":7}},"63":{"start":{"line":75,"column":8},"end":{"line":75,"column":82}},"64":{"start":{"line":76,"column":8},"end":{"line":76,"column":104}},"65":{"start":{"line":78,"column":6},"end":{"line":78,"column":89}},"66":{"start":{"line":79,"column":6},"end":{"line":79,"column":28}}},"fnMap":{"0":{"name":"register","decl":{"start":{"line":6,"column":13},"end":{"line":6,"column":21}},"loc":{"start":{"line":6,"column":24},"end":{"line":18,"column":5}},"line":6},"1":{"name":"(anonymous_1)","decl":{"start":{"line":12,"column":21},"end":{"line":12,"column":22}},"loc":{"start":{"line":12,"column":26},"end":{"line":12,"column":49}},"line":12},"2":{"name":"login","decl":{"start":{"line":20,"column":13},"end":{"line":20,"column":18}},"loc":{"start":{"line":20,"column":21},"end":{"line":40,"column":5}},"line":20},"3":{"name":"(anonymous_3)","decl":{"start":{"line":36,"column":30},"end":{"line":36,"column":31}},"loc":{"start":{"line":36,"column":35},"end":{"line":36,"column":85}},"line":36},"4":{"name":"loginUser","decl":{"start":{"line":42,"column":13},"end":{"line":42,"column":22}},"loc":{"start":{"line":42,"column":29},"end":{"line":80,"column":5}},"line":42}},"branchMap":{"0":{"loc":{"start":{"line":10,"column":6},"end":{"line":10,"column":125}},"type":"if","locations":[{"start":{"line":10,"column":6},"end":{"line":10,"column":125}},{"start":{},"end":{}}],"line":10},"1":{"loc":{"start":{"line":10,"column":10},"end":{"line":10,"column":32}},"type":"binary-expr","locations":[{"start":{"line":10,"column":10},"end":{"line":10,"column":19}},{"start":{"line":10,"column":23},"end":{"line":10,"column":32}}],"line":10},"2":{"loc":{"start":{"line":12,"column":6},"end":{"line":12,"column":128}},"type":"if","locations":[{"start":{"line":12,"column":6},"end":{"line":12,"column":128}},{"start":{},"end":{}}],"line":12},"3":{"loc":{"start":{"line":25,"column":6},"end":{"line":30,"column":7}},"type":"if","locations":[{"start":{"line":25,"column":6},"end":{"line":30,"column":7}},{"start":{},"end":{}}],"line":25},"4":{"loc":{"start":{"line":36,"column":35},"end":{"line":36,"column":85}},"type":"binary-expr","locations":[{"start":{"line":36,"column":35},"end":{"line":36,"column":58}},{"start":{"line":36,"column":62},"end":{"line":36,"column":85}}],"line":36},"5":{"loc":{"start":{"line":37,"column":6},"end":{"line":37,"column":137}},"type":"if","locations":[{"start":{"line":37,"column":6},"end":{"line":37,"column":137}},{"start":{},"end":{}}],"line":37},"6":{"loc":{"start":{"line":44,"column":25},"end":{"line":44,"column":46}},"type":"binary-expr","locations":[{"start":{"line":44,"column":25},"end":{"line":44,"column":37}},{"start":{"line":44,"column":41},"end":{"line":44,"column":46}}],"line":44},"7":{"loc":{"start":{"line":51,"column":6},"end":{"line":53,"column":7}},"type":"if","locations":[{"start":{"line":51,"column":6},"end":{"line":53,"column":7}},{"start":{},"end":{}}],"line":51},"8":{"loc":{"start":{"line":52,"column":36},"end":{"line":52,"column":95}},"type":"cond-expr","locations":[{"start":{"line":52,"column":80},"end":{"line":52,"column":86}},{"start":{"line":52,"column":89},"end":{"line":52,"column":95}}],"line":52},"9":{"loc":{"start":{"line":52,"column":37},"end":{"line":52,"column":76}},"type":"binary-expr","locations":[{"start":{"line":52,"column":37},"end":{"line":52,"column":48}},{"start":{"line":52,"column":52},"end":{"line":52,"column":76}}],"line":52},"10":{"loc":{"start":{"line":55,"column":6},"end":{"line":72,"column":7}},"type":"if","locations":[{"start":{"line":55,"column":6},"end":{"line":72,"column":7}},{"start":{"line":66,"column":13},"end":{"line":72,"column":7}}],"line":55},"11":{"loc":{"start":{"line":67,"column":66},"end":{"line":67,"column":94}},"type":"cond-expr","locations":[{"start":{"line":67,"column":84},"end":{"line":67,"column":87}},{"start":{"line":67,"column":90},"end":{"line":67,"column":94}}],"line":67},"12":{"loc":{"start":{"line":68,"column":66},"end":{"line":68,"column":111}},"type":"cond-expr","locations":[{"start":{"line":68,"column":84},"end":{"line":68,"column":100}},{"start":{"line":68,"column":103},"end":{"line":68,"column":111}}],"line":68},"13":{"loc":{"start":{"line":74,"column":6},"end":{"line":77,"column":7}},"type":"if","locations":[{"start":{"line":74,"column":6},"end":{"line":77,"column":7}},{"start":{},"end":{}}],"line":74},"14":{"loc":{"start":{"line":74,"column":10},"end":{"line":74,"column":83}},"type":"binary-expr","locations":[{"start":{"line":74,"column":10},"end":{"line":74,"column":23}},{"start":{"line":74,"column":27},"end":{"line":74,"column":52}},{"start":{"line":74,"column":56},"end":{"line":74,"column":83}}],"line":74}},"s":{"0":0,"1":0,"2":0,"3":0,"4":0,"5":0,"6":0,"7":0,"8":0,"9":0,"10":0,"11":0,"12":0,"13":0,"14":0,"15":0,"16":0,"17":0,"18":0,"19":0,"20":0,"21":0,"22":0,"23":0,"24":0,"25":0,"26":0,"27":0,"28":0,"29":0,"30":0,"31":0,"32":0,"33":0,"34":0,"35":0,"36":0,"37":0,"38":0,"39":0,"40":0,"41":0,"42":0,"43":0,"44":0,"45":0,"46":0,"47":0,"48":0,"49":0,"50":0,"51":0,"52":0,"53":0,"54":0,"55":0,"56":0,"57":0,"58":0,"59":0,"60":0,"61":0,"62":0,"63":0,"64":0,"65":0,"66":0},"f":{"0":0,"1":0,"2":0,"3":0,"4":0},"b":{"0":[0,0],"1":[0,0],"2":[0,0],"3":[0,0],"4":[0,0],"5":[0,0],"6":[0,0],"7":[0,0],"8":[0,0],"9":[0,0],"10":[0,0],"11":[0,0],"12":[0,0],"13":[0,0],"14":[0,0,0]}}
,"/workspace/js/modules/generation.js": {"path":"/workspace/js/modules/generation.js","statementMap":{"0":{"start":{"line":7,"column":6},"end":{"line":14,"column":15}},"1":{"start":{"line":8,"column":24},"end":{"line":8,"column":79}},"2":{"start":{"line":9,"column":18},"end":{"line":9,"column":69}},"3":{"start":{"line":10,"column":18},"end":{"line":10,"column":76}},"4":{"start":{"line":11,"column":18},"end":{"line":11,"column":55}},"5":{"start":{"line":12,"column":21},"end":{"line":12,"column":37}},"6":{"start":{"line":13,"column":8},"end":{"line":13,"column":62}}},"fnMap":{"0":{"name":"initSessionTimer","decl":{"start":{"line":6,"column":13},"end":{"line":6,"column":29}},"loc":{"start":{"line":6,"column":32},"end":{"line":15,"column":5}},"line":6},"1":{"name":"(anonymous_1)","decl":{"start":{"line":7,"column":43},"end":{"line":7,"column":44}},"loc":{"start":{"line":7,"column":49},"end":{"line":14,"column":7}},"line":7}},"branchMap":{},"s":{"0":0,"1":0,"2":0,"3":0,"4":0,"5":0,"6":0},"f":{"0":0,"1":0},"b":{}}
,"/workspace/js/modules/initialization.js": {"path":"/workspace/js/modules/initialization.js","statementMap":{"0":{"start":{"line":8,"column":4},"end":{"line":17,"column":7}},"1":{"start":{"line":9,"column":6},"end":{"line":9,"column":25}},"2":{"start":{"line":10,"column":6},"end":{"line":10,"column":24}},"3":{"start":{"line":11,"column":6},"end":{"line":11,"column":26}},"4":{"start":{"line":12,"column":6},"end":{"line":12,"column":28}},"5":{"start":{"line":13,"column":6},"end":{"line":13,"column":29}},"6":{"start":{"line":14,"column":6},"end":{"line":14,"column":71}},"7":{"start":{"line":15,"column":6},"end":{"line":15,"column":32}},"8":{"start":{"line":16,"column":6},"end":{"line":16,"column":24}}},"fnMap":{"0":{"name":"(anonymous_0)","decl":{"start":{"line":8,"column":50},"end":{"line":8,"column":51}},"loc":{"start":{"line":8,"column":56},"end":{"line":17,"column":5}},"line":8}},"branchMap":{},"s":{"0":0,"1":0,"2":0,"3":0,"4":0,"5":0,"6":0,"7":0,"8":0},"f":{"0":0},"b":{}}
,"/workspace/js/modules/navigation.js": {"path":"/workspace/js/modules/navigation.js","statementMap":{"0":{"start":{"line":7,"column":6},"end":{"line":9,"column":7}},"1":{"start":{"line":8,"column":8},"end":{"line":8,"column":49}},"2":{"start":{"line":13,"column":6},"end":{"line":15,"column":7}},"3":{"start":{"line":14,"column":8},"end":{"line":14,"column":49}}},"fnMap":{"0":{"name":"nextChapter","decl":{"start":{"line":6,"column":13},"end":{"line":6,"column":24}},"loc":{"start":{"line":6,"column":27},"end":{"line":10,"column":5}},"line":6},"1":{"name":"prevChapter","decl":{"start":{"line":12,"column":13},"end":{"line":12,"column":24}},"loc":{"start":{"line":12,"column":27},"end":{"line":16,"column":5}},"line":12}},"branchMap":{"0":{"loc":{"start":{"line":7,"column":6},"end":{"line":9,"column":7}},"type":"if","locations":[{"start":{"line":7,"column":6},"end":{"line":9,"column":7}},{"start":{},"end":{}}],"line":7},"1":{"loc":{"start":{"line":13,"column":6},"end":{"line":15,"column":7}},"type":"if","locations":[{"start":{"line":13,"column":6},"end":{"line":15,"column":7}},{"start":{},"end":{}}],"line":13}},"s":{"0":0,"1":0,"2":0,"3":0},"f":{"0":0,"1":0},"b":{"0":[0,0],"1":[0,0]}}
,"/workspace/js/modules/story-timeline.js": {"path":"/workspace/js/modules/story-timeline.js","statementMap":{"0":{"start":{"line":8,"column":24},"end":{"line":8,"column":66}},"1":{"start":{"line":9,"column":30},"end":{"line":9,"column":92}},"2":{"start":{"line":11,"column":4},"end":{"line":11,"column":94}},"3":{"start":{"line":11,"column":66},"end":{"line":11,"column":94}},"4":{"start":{"line":12,"column":4},"end":{"line":12,"column":67}},"5":{"start":{"line":12,"column":39},"end":{"line":12,"column":67}},"6":{"start":{"line":13,"column":25},"end":{"line":13,"column":30}},"7":{"start":{"line":16,"column":22},"end":{"line":16,"column":46}},"8":{"start":{"line":17,"column":6},"end":{"line":17,"column":33}},"9":{"start":{"line":17,"column":24},"end":{"line":17,"column":33}},"10":{"start":{"line":18,"column":6},"end":{"line":18,"column":92}}},"fnMap":{"0":{"name":"getTotalChaptersShouldExist","decl":{"start":{"line":15,"column":13},"end":{"line":15,"column":40}},"loc":{"start":{"line":15,"column":43},"end":{"line":19,"column":5}},"line":15}},"branchMap":{"0":{"loc":{"start":{"line":9,"column":30},"end":{"line":9,"column":92}},"type":"binary-expr","locations":[{"start":{"line":9,"column":30},"end":{"line":9,"column":83}},{"start":{"line":9,"column":87},"end":{"line":9,"column":92}}],"line":9},"1":{"loc":{"start":{"line":11,"column":4},"end":{"line":11,"column":94}},"type":"if","locations":[{"start":{"line":11,"column":4},"end":{"line":11,"column":94}},{"start":{},"end":{}}],"line":11},"2":{"loc":{"start":{"line":11,"column":8},"end":{"line":11,"column":64}},"type":"binary-expr","locations":[{"start":{"line":11,"column":8},"end":{"line":11,"column":34}},{"start":{"line":11,"column":38},"end":{"line":11,"column":64}}],"line":11},"3":{"loc":{"start":{"line":12,"column":4},"end":{"line":12,"column":67}},"type":"if","locations":[{"start":{"line":12,"column":4},"end":{"line":12,"column":67}},{"start":{},"end":{}}],"line":12},"4":{"loc":{"start":{"line":17,"column":6},"end":{"line":17,"column":33}},"type":"if","locations":[{"start":{"line":17,"column":6},"end":{"line":17,"column":33}},{"start":{},"end":{}}],"line":17}},"s":{"0":0,"1":0,"2":0,"3":0,"4":0,"5":0,"6":0,"7":0,"8":0,"9":0,"10":0},"f":{"0":0},"b":{"0":[0,0],"1":[0,0],"2":[0,0],"3":[0,0],"4":[0,0]}}
,"/workspace/js/ui/dropdown.js": {"path":"/workspace/js/ui/dropdown.js","statementMap":{"0":{"start":{"line":17,"column":2},"end":{"line":17,"column":49}},"1":{"start":{"line":18,"column":2},"end":{"line":18,"column":90}},"2":{"start":{"line":27,"column":2},"end":{"line":27,"column":32}},"3":{"start":{"line":28,"column":2},"end":{"line":28,"column":67}},"4":{"start":{"line":37,"column":2},"end":{"line":40,"column":5}},"5":{"start":{"line":38,"column":20},"end":{"line":38,"column":63}},"6":{"start":{"line":39,"column":4},"end":{"line":39,"column":64}},"7":{"start":{"line":39,"column":48},"end":{"line":39,"column":64}}},"fnMap":{"0":{"name":"toggleDropdown","decl":{"start":{"line":16,"column":9},"end":{"line":16,"column":23}},"loc":{"start":{"line":16,"column":26},"end":{"line":19,"column":1}},"line":16},"1":{"name":"closeDropdown","decl":{"start":{"line":26,"column":9},"end":{"line":26,"column":22}},"loc":{"start":{"line":26,"column":25},"end":{"line":29,"column":1}},"line":26},"2":{"name":"initDropdownClose","decl":{"start":{"line":36,"column":9},"end":{"line":36,"column":26}},"loc":{"start":{"line":36,"column":29},"end":{"line":41,"column":1}},"line":36},"3":{"name":"(anonymous_3)","decl":{"start":{"line":37,"column":37},"end":{"line":37,"column":38}},"loc":{"start":{"line":37,"column":44},"end":{"line":40,"column":3}},"line":37}},"branchMap":{"0":{"loc":{"start":{"line":39,"column":4},"end":{"line":39,"column":64}},"type":"if","locations":[{"start":{"line":39,"column":4},"end":{"line":39,"column":64}},{"start":{},"end":{}}],"line":39},"1":{"loc":{"start":{"line":39,"column":8},"end":{"line":39,"column":46}},"type":"binary-expr","locations":[{"start":{"line":39,"column":8},"end":{"line":39,"column":15}},{"start":{"line":39,"column":19},"end":{"line":39,"column":46}}],"line":39}},"s":{"0":0,"1":0,"2":0,"3":0,"4":0,"5":0,"6":0,"7":0},"f":{"0":0,"1":0,"2":0,"3":0},"b":{"0":[0,0],"1":[0,0]}}
,"/workspace/js/ui/modals.js": {"path":"/workspace/js/ui/modals.js","statementMap":{"0":{"start":{"line":14,"column":2},"end":{"line":14,"column":54}},"1":{"start":{"line":24,"column":2},"end":{"line":24,"column":57}},"2":{"start":{"line":33,"column":2},"end":{"line":33,"column":96}},"3":{"start":{"line":33,"column":66},"end":{"line":33,"column":94}}},"fnMap":{"0":{"name":"openModal","decl":{"start":{"line":13,"column":9},"end":{"line":13,"column":18}},"loc":{"start":{"line":13,"column":23},"end":{"line":15,"column":1}},"line":13},"1":{"name":"closeModal","decl":{"start":{"line":23,"column":9},"end":{"line":23,"column":19}},"loc":{"start":{"line":23,"column":24},"end":{"line":25,"column":1}},"line":23},"2":{"name":"closeAllModals","decl":{"start":{"line":32,"column":9},"end":{"line":32,"column":23}},"loc":{"start":{"line":32,"column":26},"end":{"line":34,"column":1}},"line":32},"3":{"name":"(anonymous_3)","decl":{"start":{"line":33,"column":61},"end":{"line":33,"column":62}},"loc":{"start":{"line":33,"column":66},"end":{"line":33,"column":94}},"line":33}},"branchMap":{},"s":{"0":0,"1":0,"2":0,"3":0},"f":{"0":0,"1":0,"2":0,"3":0},"b":{}}
,"/workspace/js/ui/notifications.js": {"path":"/workspace/js/ui/notifications.js","statementMap":{"0":{"start":{"line":7,"column":24},"end":{"line":7,"column":72}},"1":{"start":{"line":8,"column":20},"end":{"line":8,"column":49}},"2":{"start":{"line":9,"column":6},"end":{"line":9,"column":47}},"3":{"start":{"line":10,"column":6},"end":{"line":10,"column":183}},"4":{"start":{"line":11,"column":6},"end":{"line":11,"column":35}},"5":{"start":{"line":12,"column":6},"end":{"line":12,"column":187}},"6":{"start":{"line":12,"column":25},"end":{"line":12,"column":51}},"7":{"start":{"line":12,"column":52},"end":{"line":12,"column":96}},"8":{"start":{"line":12,"column":97},"end":{"line":12,"column":138}},"9":{"start":{"line":12,"column":139},"end":{"line":12,"column":177}},"10":{"start":{"line":12,"column":156},"end":{"line":12,"column":170}},"11":{"start":{"line":13,"column":6},"end":{"line":13,"column":88}},"12":{"start":{"line":13,"column":44},"end":{"line":13,"column":88}}},"fnMap":{"0":{"name":"showNotification","decl":{"start":{"line":6,"column":13},"end":{"line":6,"column":29}},"loc":{"start":{"line":6,"column":49},"end":{"line":14,"column":5}},"line":6},"1":{"name":"(anonymous_1)","decl":{"start":{"line":12,"column":17},"end":{"line":12,"column":18}},"loc":{"start":{"line":12,"column":23},"end":{"line":12,"column":179}},"line":12},"2":{"name":"(anonymous_2)","decl":{"start":{"line":12,"column":150},"end":{"line":12,"column":151}},"loc":{"start":{"line":12,"column":156},"end":{"line":12,"column":170}},"line":12}},"branchMap":{},"s":{"0":0,"1":0,"2":0,"3":0,"4":0,"5":0,"6":0,"7":0,"8":0,"9":0,"10":0,"11":0,"12":0},"f":{"0":0,"1":0,"2":0},"b":{}}
,"/workspace/js/ui/sidebar.js": {"path":"/workspace/js/ui/sidebar.js","statementMap":{"0":{"start":{"line":7,"column":19},"end":{"line":7,"column":57}},"1":{"start":{"line":8,"column":19},"end":{"line":8,"column":48}},"2":{"start":{"line":9,"column":6},"end":{"line":9,"column":38}},"3":{"start":{"line":10,"column":6},"end":{"line":10,"column":40}},"4":{"start":{"line":11,"column":6},"end":{"line":14,"column":8}},"5":{"start":{"line":12,"column":8},"end":{"line":12,"column":36}},"6":{"start":{"line":13,"column":8},"end":{"line":13,"column":53}},"7":{"start":{"line":13,"column":37},"end":{"line":13,"column":53}},"8":{"start":{"line":15,"column":6},"end":{"line":18,"column":8}},"9":{"start":{"line":19,"column":6},"end":{"line":19,"column":29}},"10":{"start":{"line":23,"column":6},"end":{"line":23,"column":51}},"11":{"start":{"line":24,"column":6},"end":{"line":24,"column":88}},"12":{"start":{"line":25,"column":6},"end":{"line":25,"column":100}},"13":{"start":{"line":29,"column":6},"end":{"line":29,"column":45}},"14":{"start":{"line":29,"column":29},"end":{"line":29,"column":45}},"15":{"start":{"line":33,"column":20},"end":{"line":33,"column":63}},"16":{"start":{"line":34,"column":25},"end":{"line":34,"column":46}},"17":{"start":{"line":36,"column":6},"end":{"line":39,"column":7}},"18":{"start":{"line":37,"column":8},"end":{"line":37,"column":84}},"19":{"start":{"line":38,"column":8},"end":{"line":38,"column":15}},"20":{"start":{"line":41,"column":6},"end":{"line":44,"column":7}},"21":{"start":{"line":42,"column":8},"end":{"line":42,"column":130}},"22":{"start":{"line":43,"column":8},"end":{"line":43,"column":15}},"23":{"start":{"line":46,"column":6},"end":{"line":46,"column":30}},"24":{"start":{"line":47,"column":6},"end":{"line":47,"column":23}},"25":{"start":{"line":50,"column":6},"end":{"line":50,"column":51}},"26":{"start":{"line":50,"column":35},"end":{"line":50,"column":51}},"27":{"start":{"line":53,"column":4},"end":{"line":53,"column":86}}},"fnMap":{"0":{"name":"addSidebarItem","decl":{"start":{"line":6,"column":13},"end":{"line":6,"column":27}},"loc":{"start":{"line":6,"column":37},"end":{"line":20,"column":5}},"line":6},"1":{"name":"(anonymous_1)","decl":{"start":{"line":11,"column":21},"end":{"line":11,"column":22}},"loc":{"start":{"line":11,"column":27},"end":{"line":14,"column":7}},"line":11},"2":{"name":"toggleSidebar","decl":{"start":{"line":22,"column":13},"end":{"line":22,"column":26}},"loc":{"start":{"line":22,"column":29},"end":{"line":26,"column":5}},"line":22},"3":{"name":"handleSidebarJumpKey","decl":{"start":{"line":28,"column":13},"end":{"line":28,"column":33}},"loc":{"start":{"line":28,"column":37},"end":{"line":30,"column":5}},"line":28},"4":{"name":"jumpToChapter","decl":{"start":{"line":32,"column":13},"end":{"line":32,"column":26}},"loc":{"start":{"line":32,"column":29},"end":{"line":51,"column":5}},"line":32}},"branchMap":{"0":{"loc":{"start":{"line":13,"column":8},"end":{"line":13,"column":53}},"type":"if","locations":[{"start":{"line":13,"column":8},"end":{"line":13,"column":53}},{"start":{},"end":{}}],"line":13},"1":{"loc":{"start":{"line":29,"column":6},"end":{"line":29,"column":45}},"type":"if","locations":[{"start":{"line":29,"column":6},"end":{"line":29,"column":45}},{"start":{},"end":{}}],"line":29},"2":{"loc":{"start":{"line":36,"column":6},"end":{"line":39,"column":7}},"type":"if","locations":[{"start":{"line":36,"column":6},"end":{"line":39,"column":7}},{"start":{},"end":{}}],"line":36},"3":{"loc":{"start":{"line":36,"column":10},"end":{"line":36,"column":39}},"type":"binary-expr","locations":[{"start":{"line":36,"column":10},"end":{"line":36,"column":21}},{"start":{"line":36,"column":25},"end":{"line":36,"column":39}}],"line":36},"4":{"loc":{"start":{"line":41,"column":6},"end":{"line":44,"column":7}},"type":"if","locations":[{"start":{"line":41,"column":6},"end":{"line":44,"column":7}},{"start":{},"end":{}}],"line":41},"5":{"loc":{"start":{"line":50,"column":6},"end":{"line":50,"column":51}},"type":"if","locations":[{"start":{"line":50,"column":6},"end":{"line":50,"column":51}},{"start":{},"end":{}}],"line":50}},"s":{"0":0,"1":0,"2":0,"3":0,"4":0,"5":0,"6":0,"7":0,"8":0,"9":0,"10":0,"11":0,"12":0,"13":0,"14":0,"15":0,"16":0,"17":0,"18":0,"19":0,"20":0,"21":0,"22":0,"23":0,"24":0,"25":0,"26":0,"27":0},"f":{"0":0,"1":0,"2":0,"3":0,"4":0},"b":{"0":[0,0],"1":[0,0],"2":[0,0],"3":[0,0],"4":[0,0],"5":[0,0]}}
,"/workspace/js/ui/stats.js": {"path":"/workspace/js/ui/stats.js","statementMap":{"0":{"start":{"line":7,"column":6},"end":{"line":7,"column":82}},"1":{"start":{"line":15,"column":22},"end":{"line":15,"column":55}},"2":{"start":{"line":16,"column":6},"end":{"line":18,"column":7}},"3":{"start":{"line":17,"column":8},"end":{"line":17,"column":76}},"4":{"start":{"line":20,"column":6},"end":{"line":20,"column":86}},"5":{"start":{"line":25,"column":6},"end":{"line":25,"column":28}}},"fnMap":{"0":{"name":"updateBadge","decl":{"start":{"line":6,"column":13},"end":{"line":6,"column":24}},"loc":{"start":{"line":6,"column":27},"end":{"line":8,"column":5}},"line":6},"1":{"name":"getChapterStats","decl":{"start":{"line":13,"column":13},"end":{"line":13,"column":28}},"loc":{"start":{"line":13,"column":41},"end":{"line":21,"column":5}},"line":13},"2":{"name":"updateStatsBar","decl":{"start":{"line":23,"column":13},"end":{"line":23,"column":27}},"loc":{"start":{"line":23,"column":30},"end":{"line":26,"column":5}},"line":23}},"branchMap":{"0":{"loc":{"start":{"line":16,"column":6},"end":{"line":18,"column":7}},"type":"if","locations":[{"start":{"line":16,"column":6},"end":{"line":18,"column":7}},{"start":{},"end":{}}],"line":16},"1":{"loc":{"start":{"line":16,"column":10},"end":{"line":16,"column":39}},"type":"binary-expr","locations":[{"start":{"line":16,"column":10},"end":{"line":16,"column":17}},{"start":{"line":16,"column":21},"end":{"line":16,"column":39}}],"line":16}},"s":{"0":0,"1":0,"2":0,"3":0,"4":0,"5":0},"f":{"0":0,"1":0,"2":0},"b":{"0":[0,0],"1":[0,0]}}
,"/workspace/js/ui/text-size.js": {"path":"/workspace/js/ui/text-size.js","statementMap":{"0":{"start":{"line":12,"column":22},"end":{"line":12,"column":74}},"1":{"start":{"line":21,"column":2},"end":{"line":21,"column":35}},"2":{"start":{"line":22,"column":2},"end":{"line":22,"column":49}},"3":{"start":{"line":22,"column":28},"end":{"line":22,"column":49}},"4":{"start":{"line":23,"column":2},"end":{"line":23,"column":49}},"5":{"start":{"line":23,"column":28},"end":{"line":23,"column":49}},"6":{"start":{"line":24,"column":2},"end":{"line":24,"column":56}},"7":{"start":{"line":25,"column":2},"end":{"line":25,"column":18}},"8":{"start":{"line":26,"column":2},"end":{"line":26,"column":24}},"9":{"start":{"line":35,"column":22},"end":{"line":35,"column":61}},"10":{"start":{"line":36,"column":2},"end":{"line":39,"column":3}},"11":{"start":{"line":37,"column":4},"end":{"line":37,"column":56}},"12":{"start":{"line":38,"column":4},"end":{"line":38,"column":71}},"13":{"start":{"line":48,"column":16},"end":{"line":48,"column":56}},"14":{"start":{"line":49,"column":2},"end":{"line":51,"column":3}},"15":{"start":{"line":50,"column":4},"end":{"line":50,"column":34}},"16":{"start":{"line":60,"column":2},"end":{"line":60,"column":35}},"17":{"start":{"line":69,"column":2},"end":{"line":69,"column":35}},"18":{"start":{"line":78,"column":2},"end":{"line":78,"column":18}}},"fnMap":{"0":{"name":"setTextSize","decl":{"start":{"line":20,"column":9},"end":{"line":20,"column":20}},"loc":{"start":{"line":20,"column":27},"end":{"line":27,"column":1}},"line":20},"1":{"name":"applyTextSize","decl":{"start":{"line":34,"column":9},"end":{"line":34,"column":22}},"loc":{"start":{"line":34,"column":25},"end":{"line":40,"column":1}},"line":34},"2":{"name":"updateTextSizeInput","decl":{"start":{"line":47,"column":9},"end":{"line":47,"column":28}},"loc":{"start":{"line":47,"column":31},"end":{"line":52,"column":1}},"line":47},"3":{"name":"increaseTextSize","decl":{"start":{"line":59,"column":9},"end":{"line":59,"column":25}},"loc":{"start":{"line":59,"column":28},"end":{"line":61,"column":1}},"line":59},"4":{"name":"decreaseTextSize","decl":{"start":{"line":68,"column":9},"end":{"line":68,"column":25}},"loc":{"start":{"line":68,"column":28},"end":{"line":70,"column":1}},"line":68},"5":{"name":"resetTextSize","decl":{"start":{"line":77,"column":9},"end":{"line":77,"column":22}},"loc":{"start":{"line":77,"column":25},"end":{"line":79,"column":1}},"line":77}},"branchMap":{"0":{"loc":{"start":{"line":12,"column":22},"end":{"line":12,"column":74}},"type":"binary-expr","locations":[{"start":{"line":12,"column":22},"end":{"line":12,"column":68}},{"start":{"line":12,"column":72},"end":{"line":12,"column":74}}],"line":12},"1":{"loc":{"start":{"line":22,"column":2},"end":{"line":22,"column":49}},"type":"if","locations":[{"start":{"line":22,"column":2},"end":{"line":22,"column":49}},{"start":{},"end":{}}],"line":22},"2":{"loc":{"start":{"line":23,"column":2},"end":{"line":23,"column":49}},"type":"if","locations":[{"start":{"line":23,"column":2},"end":{"line":23,"column":49}},{"start":{},"end":{}}],"line":23},"3":{"loc":{"start":{"line":36,"column":2},"end":{"line":39,"column":3}},"type":"if","locations":[{"start":{"line":36,"column":2},"end":{"line":39,"column":3}},{"start":{},"end":{}}],"line":36},"4":{"loc":{"start":{"line":49,"column":2},"end":{"line":51,"column":3}},"type":"if","locations":[{"start":{"line":49,"column":2},"end":{"line":51,"column":3}},{"start":{},"end":{}}],"line":49}},"s":{"0":0,"1":0,"2":0,"3":0,"4":0,"5":0,"6":0,"7":0,"8":0,"9":0,"10":0,"11":0,"12":0,"13":0,"14":0,"15":0,"16":0,"17":0,"18":0},"f":{"0":0,"1":0,"2":0,"3":0,"4":0,"5":0},"b":{"0":[0,0],"1":[0,0],"2":[0,0],"3":[0,0],"4":[0,0]}}
,"/workspace/js/utils/helpers.js": {"path":"/workspace/js/utils/helpers.js","statementMap":{"0":{"start":{"line":7,"column":22},"end":{"line":7,"column":46}},"1":{"start":{"line":8,"column":6},"end":{"line":8,"column":33}},"2":{"start":{"line":8,"column":24},"end":{"line":8,"column":33}},"3":{"start":{"line":9,"column":6},"end":{"line":9,"column":92}},"4":{"start":{"line":15,"column":4},"end":{"line":24,"column":7}},"5":{"start":{"line":16,"column":6},"end":{"line":16,"column":25}},"6":{"start":{"line":17,"column":6},"end":{"line":17,"column":24}},"7":{"start":{"line":18,"column":6},"end":{"line":18,"column":26}},"8":{"start":{"line":19,"column":6},"end":{"line":19,"column":28}},"9":{"start":{"line":20,"column":6},"end":{"line":20,"column":29}},"10":{"start":{"line":21,"column":6},"end":{"line":21,"column":71}},"11":{"start":{"line":22,"column":6},"end":{"line":22,"column":32}},"12":{"start":{"line":23,"column":6},"end":{"line":23,"column":24}}},"fnMap":{"0":{"name":"getTotalChaptersShouldExist","decl":{"start":{"line":6,"column":13},"end":{"line":6,"column":40}},"loc":{"start":{"line":6,"column":43},"end":{"line":10,"column":5}},"line":6},"1":{"name":"(anonymous_1)","decl":{"start":{"line":15,"column":50},"end":{"line":15,"column":51}},"loc":{"start":{"line":15,"column":56},"end":{"line":24,"column":5}},"line":15}},"branchMap":{"0":{"loc":{"start":{"line":8,"column":6},"end":{"line":8,"column":33}},"type":"if","locations":[{"start":{"line":8,"column":6},"end":{"line":8,"column":33}},{"start":{},"end":{}}],"line":8}},"s":{"0":0,"1":0,"2":0,"3":0,"4":0,"5":0,"6":0,"7":0,"8":0,"9":0,"10":0,"11":0,"12":0},"f":{"0":0,"1":0},"b":{"0":[0,0]}}
,"/workspace/js/utils/security.js": {"path":"/workspace/js/utils/security.js","statementMap":{"0":{"start":{"line":19,"column":2},"end":{"line":19,"column":42}},"1":{"start":{"line":19,"column":31},"end":{"line":19,"column":42}},"2":{"start":{"line":20,"column":15},"end":{"line":20,"column":44}},"3":{"start":{"line":21,"column":2},"end":{"line":21,"column":25}},"4":{"start":{"line":22,"column":2},"end":{"line":22,"column":24}},"5":{"start":{"line":33,"column":2},"end":{"line":33,"column":42}},"6":{"start":{"line":33,"column":31},"end":{"line":33,"column":42}},"7":{"start":{"line":34,"column":2},"end":{"line":34,"column":104}},"8":{"start":{"line":48,"column":20},"end":{"line":113,"column":1}},"9":{"start":{"line":65,"column":16},"end":{"line":65,"column":26}},"10":{"start":{"line":66,"column":4},"end":{"line":68,"column":5}},"11":{"start":{"line":67,"column":6},"end":{"line":67,"column":72}},"12":{"start":{"line":70,"column":19},"end":{"line":70,"column":37}},"13":{"start":{"line":73,"column":4},"end":{"line":76,"column":5}},"14":{"start":{"line":74,"column":6},"end":{"line":74,"column":23}},"15":{"start":{"line":75,"column":6},"end":{"line":75,"column":45}},"16":{"start":{"line":78,"column":4},"end":{"line":78,"column":19}},"17":{"start":{"line":79,"column":4},"end":{"line":79,"column":44}},"18":{"start":{"line":88,"column":19},"end":{"line":88,"column":37}},"19":{"start":{"line":89,"column":4},"end":{"line":89,"column":41}},"20":{"start":{"line":89,"column":17},"end":{"line":89,"column":41}},"21":{"start":{"line":90,"column":16},"end":{"line":90,"column":26}},"22":{"start":{"line":91,"column":4},"end":{"line":91,"column":56}},"23":{"start":{"line":91,"column":32},"end":{"line":91,"column":56}},"24":{"start":{"line":92,"column":4},"end":{"line":92,"column":56}},"25":{"start":{"line":101,"column":19},"end":{"line":101,"column":37}},"26":{"start":{"line":102,"column":4},"end":{"line":102,"column":26}},"27":{"start":{"line":102,"column":17},"end":{"line":102,"column":26}},"28":{"start":{"line":103,"column":4},"end":{"line":103,"column":28}},"29":{"start":{"line":111,"column":4},"end":{"line":111,"column":30}},"30":{"start":{"line":124,"column":18},"end":{"line":185,"column":1}},"31":{"start":{"line":149,"column":20},"end":{"line":149,"column":39}},"32":{"start":{"line":150,"column":4},"end":{"line":150,"column":54}},"33":{"start":{"line":150,"column":18},"end":{"line":150,"column":54}},"34":{"start":{"line":152,"column":4},"end":{"line":154,"column":5}},"35":{"start":{"line":153,"column":6},"end":{"line":153,"column":64}},"36":{"start":{"line":156,"column":4},"end":{"line":165,"column":5}},"37":{"start":{"line":157,"column":23},"end":{"line":163,"column":7}},"38":{"start":{"line":164,"column":6},"end":{"line":164,"column":72}},"39":{"start":{"line":167,"column":4},"end":{"line":167,"column":40}},"40":{"start":{"line":177,"column":22},"end":{"line":177,"column":48}},"41":{"start":{"line":178,"column":23},"end":{"line":178,"column":53}},"42":{"start":{"line":179,"column":4},"end":{"line":183,"column":6}},"43":{"start":{"line":195,"column":21},"end":{"line":255,"column":1}},"44":{"start":{"line":208,"column":4},"end":{"line":208,"column":48}},"45":{"start":{"line":211,"column":20},"end":{"line":211,"column":67}},"46":{"start":{"line":212,"column":4},"end":{"line":212,"column":81}},"47":{"start":{"line":215,"column":4},"end":{"line":217,"column":5}},"48":{"start":{"line":216,"column":6},"end":{"line":216,"column":49}},"49":{"start":{"line":232,"column":4},"end":{"line":237,"column":5}},"50":{"start":{"line":233,"column":6},"end":{"line":233,"column":18}},"51":{"start":{"line":235,"column":6},"end":{"line":235,"column":34}},"52":{"start":{"line":236,"column":6},"end":{"line":236,"column":22}},"53":{"start":{"line":248,"column":4},"end":{"line":253,"column":5}},"54":{"start":{"line":249,"column":6},"end":{"line":249,"column":24}},"55":{"start":{"line":251,"column":6},"end":{"line":251,"column":34}},"56":{"start":{"line":252,"column":6},"end":{"line":252,"column":22}}},"fnMap":{"0":{"name":"sanitizeHTML","decl":{"start":{"line":18,"column":9},"end":{"line":18,"column":21}},"loc":{"start":{"line":18,"column":27},"end":{"line":23,"column":1}},"line":18},"1":{"name":"sanitizeAttribute","decl":{"start":{"line":32,"column":9},"end":{"line":32,"column":26}},"loc":{"start":{"line":32,"column":32},"end":{"line":35,"column":1}},"line":32},"2":{"name":"(anonymous_2)","decl":{"start":{"line":64,"column":2},"end":{"line":64,"column":3}},"loc":{"start":{"line":64,"column":13},"end":{"line":80,"column":3}},"line":64},"3":{"name":"(anonymous_3)","decl":{"start":{"line":87,"column":2},"end":{"line":87,"column":3}},"loc":{"start":{"line":87,"column":28},"end":{"line":93,"column":3}},"line":87},"4":{"name":"(anonymous_4)","decl":{"start":{"line":100,"column":2},"end":{"line":100,"column":3}},"loc":{"start":{"line":100,"column":20},"end":{"line":104,"column":3}},"line":100},"5":{"name":"(anonymous_5)","decl":{"start":{"line":110,"column":2},"end":{"line":110,"column":3}},"loc":{"start":{"line":110,"column":13},"end":{"line":112,"column":3}},"line":110},"6":{"name":"(anonymous_6)","decl":{"start":{"line":148,"column":2},"end":{"line":148,"column":3}},"loc":{"start":{"line":148,"column":24},"end":{"line":168,"column":3}},"line":148},"7":{"name":"(anonymous_7)","decl":{"start":{"line":176,"column":2},"end":{"line":176,"column":3}},"loc":{"start":{"line":176,"column":35},"end":{"line":184,"column":3}},"line":176},"8":{"name":"(anonymous_8)","decl":{"start":{"line":207,"column":2},"end":{"line":207,"column":3}},"loc":{"start":{"line":207,"column":39},"end":{"line":218,"column":3}},"line":207},"9":{"name":"(anonymous_9)","decl":{"start":{"line":231,"column":2},"end":{"line":231,"column":3}},"loc":{"start":{"line":231,"column":58},"end":{"line":238,"column":3}},"line":231},"10":{"name":"(anonymous_10)","decl":{"start":{"line":247,"column":2},"end":{"line":247,"column":3}},"loc":{"start":{"line":247,"column":69},"end":{"line":254,"column":3}},"line":247}},"branchMap":{"0":{"loc":{"start":{"line":19,"column":2},"end":{"line":19,"column":42}},"type":"if","locations":[{"start":{"line":19,"column":2},"end":{"line":19,"column":42}},{"start":{},"end":{}}],"line":19},"1":{"loc":{"start":{"line":33,"column":2},"end":{"line":33,"column":42}},"type":"if","locations":[{"start":{"line":33,"column":2},"end":{"line":33,"column":42}},{"start":{},"end":{}}],"line":33},"2":{"loc":{"start":{"line":66,"column":4},"end":{"line":68,"column":5}},"type":"if","locations":[{"start":{"line":66,"column":4},"end":{"line":68,"column":5}},{"start":{},"end":{}}],"line":66},"3":{"loc":{"start":{"line":73,"column":4},"end":{"line":76,"column":5}},"type":"if","locations":[{"start":{"line":73,"column":4},"end":{"line":76,"column":5}},{"start":{},"end":{}}],"line":73},"4":{"loc":{"start":{"line":89,"column":4},"end":{"line":89,"column":41}},"type":"if","locations":[{"start":{"line":89,"column":4},"end":{"line":89,"column":41}},{"start":{},"end":{}}],"line":89},"5":{"loc":{"start":{"line":91,"column":4},"end":{"line":91,"column":56}},"type":"if","locations":[{"start":{"line":91,"column":4},"end":{"line":91,"column":56}},{"start":{},"end":{}}],"line":91},"6":{"loc":{"start":{"line":102,"column":4},"end":{"line":102,"column":26}},"type":"if","locations":[{"start":{"line":102,"column":4},"end":{"line":102,"column":26}},{"start":{},"end":{}}],"line":102},"7":{"loc":{"start":{"line":150,"column":4},"end":{"line":150,"column":54}},"type":"if","locations":[{"start":{"line":150,"column":4},"end":{"line":150,"column":54}},{"start":{},"end":{}}],"line":150},"8":{"loc":{"start":{"line":152,"column":4},"end":{"line":154,"column":5}},"type":"if","locations":[{"start":{"line":152,"column":4},"end":{"line":154,"column":5}},{"start":{},"end":{}}],"line":152},"9":{"loc":{"start":{"line":152,"column":8},"end":{"line":152,"column":37}},"type":"binary-expr","locations":[{"start":{"line":152,"column":8},"end":{"line":152,"column":14}},{"start":{"line":152,"column":18},"end":{"line":152,"column":37}}],"line":152},"10":{"loc":{"start":{"line":156,"column":4},"end":{"line":165,"column":5}},"type":"if","locations":[{"start":{"line":156,"column":4},"end":{"line":165,"column":5}},{"start":{},"end":{}}],"line":156},"11":{"loc":{"start":{"line":164,"column":36},"end":{"line":164,"column":69}},"type":"binary-expr","locations":[{"start":{"line":164,"column":36},"end":{"line":164,"column":50}},{"start":{"line":164,"column":54},"end":{"line":164,"column":69}}],"line":164},"12":{"loc":{"start":{"line":207,"column":16},"end":{"line":207,"column":37}},"type":"default-arg","locations":[{"start":{"line":207,"column":26},"end":{"line":207,"column":37}}],"line":207},"13":{"loc":{"start":{"line":211,"column":20},"end":{"line":211,"column":67}},"type":"binary-expr","locations":[{"start":{"line":211,"column":20},"end":{"line":211,"column":33}},{"start":{"line":211,"column":37},"end":{"line":211,"column":67}}],"line":211},"14":{"loc":{"start":{"line":215,"column":4},"end":{"line":217,"column":5}},"type":"if","locations":[{"start":{"line":215,"column":4},"end":{"line":217,"column":5}},{"start":{},"end":{}}],"line":215},"15":{"loc":{"start":{"line":231,"column":18},"end":{"line":231,"column":39}},"type":"default-arg","locations":[{"start":{"line":231,"column":28},"end":{"line":231,"column":39}}],"line":231},"16":{"loc":{"start":{"line":231,"column":41},"end":{"line":231,"column":56}},"type":"default-arg","locations":[{"start":{"line":231,"column":52},"end":{"line":231,"column":56}}],"line":231},"17":{"loc":{"start":{"line":247,"column":29},"end":{"line":247,"column":50}},"type":"default-arg","locations":[{"start":{"line":247,"column":39},"end":{"line":247,"column":50}}],"line":247},"18":{"loc":{"start":{"line":247,"column":52},"end":{"line":247,"column":67}},"type":"default-arg","locations":[{"start":{"line":247,"column":63},"end":{"line":247,"column":67}}],"line":247}},"s":{"0":0,"1":0,"2":0,"3":0,"4":0,"5":0,"6":0,"7":0,"8":0,"9":0,"10":0,"11":0,"12":0,"13":0,"14":0,"15":0,"16":0,"17":0,"18":0,"19":0,"20":0,"21":0,"22":0,"23":0,"24":0,"25":0,"26":0,"27":0,"28":0,"29":0,"30":0,"31":0,"32":0,"33":0,"34":0,"35":0,"36":0,"37":0,"38":0,"39":0,"40":0,"41":0,"42":0,"43":0,"44":0,"45":0,"46":0,"47":0,"48":0,"49":0,"50":0,"51":0,"52":0,"53":0,"54":0,"55":0,"56":0},"f":{"0":0,"1":0,"2":0,"3":0,"4":0,"5":0,"6":0,"7":0,"8":0,"9":0,"10":0},"b":{"0":[0,0],"1":[0,0],"2":[0,0],"3":[0,0],"4":[0,0],"5":[0,0],"6":[0,0],"7":[0,0],"8":[0,0],"9":[0,0],"10":[0,0],"11":[0,0],"12":[0],"13":[0,0],"14":[0,0],"15":[0],"16":[0],"17":[0],"18":[0]}}
,"/workspace/js/utils/storage.js": {"path":"/workspace/js/utils/storage.js","statementMap":{"0":{"start":{"line":15,"column":2},"end":{"line":17,"column":26}},"1":{"start":{"line":16,"column":4},"end":{"line":16,"column":65}},"2":{"start":{"line":27,"column":2},"end":{"line":29,"column":21}},"3":{"start":{"line":28,"column":4},"end":{"line":28,"column":61}},"4":{"start":{"line":37,"column":2},"end":{"line":39,"column":36}},"5":{"start":{"line":38,"column":4},"end":{"line":38,"column":74}},"6":{"start":{"line":47,"column":2},"end":{"line":49,"column":31}},"7":{"start":{"line":48,"column":4},"end":{"line":48,"column":69}},"8":{"start":{"line":58,"column":2},"end":{"line":61,"column":38}},"9":{"start":{"line":59,"column":20},"end":{"line":59,"column":69}},"10":{"start":{"line":60,"column":4},"end":{"line":60,"column":48}},"11":{"start":{"line":70,"column":2},"end":{"line":72,"column":31}},"12":{"start":{"line":71,"column":4},"end":{"line":71,"column":79}}},"fnMap":{"0":{"name":"getUsers","decl":{"start":{"line":14,"column":9},"end":{"line":14,"column":17}},"loc":{"start":{"line":14,"column":20},"end":{"line":18,"column":1}},"line":14},"1":{"name":"(anonymous_1)","decl":{"start":{"line":15,"column":34},"end":{"line":15,"column":35}},"loc":{"start":{"line":15,"column":40},"end":{"line":17,"column":3}},"line":15},"2":{"name":"saveUsers","decl":{"start":{"line":26,"column":9},"end":{"line":26,"column":18}},"loc":{"start":{"line":26,"column":26},"end":{"line":30,"column":1}},"line":26},"3":{"name":"(anonymous_3)","decl":{"start":{"line":27,"column":27},"end":{"line":27,"column":28}},"loc":{"start":{"line":27,"column":33},"end":{"line":29,"column":3}},"line":27},"4":{"name":"getUsedParagraphs","decl":{"start":{"line":36,"column":9},"end":{"line":36,"column":26}},"loc":{"start":{"line":36,"column":29},"end":{"line":40,"column":1}},"line":36},"5":{"name":"(anonymous_5)","decl":{"start":{"line":37,"column":34},"end":{"line":37,"column":35}},"loc":{"start":{"line":37,"column":40},"end":{"line":39,"column":3}},"line":37},"6":{"name":"saveUsedParagraphs","decl":{"start":{"line":46,"column":9},"end":{"line":46,"column":27}},"loc":{"start":{"line":46,"column":34},"end":{"line":50,"column":1}},"line":46},"7":{"name":"(anonymous_7)","decl":{"start":{"line":47,"column":27},"end":{"line":47,"column":28}},"loc":{"start":{"line":47,"column":33},"end":{"line":49,"column":3}},"line":47},"8":{"name":"getChapterContent","decl":{"start":{"line":57,"column":9},"end":{"line":57,"column":26}},"loc":{"start":{"line":57,"column":39},"end":{"line":62,"column":1}},"line":57},"9":{"name":"(anonymous_9)","decl":{"start":{"line":58,"column":34},"end":{"line":58,"column":35}},"loc":{"start":{"line":58,"column":40},"end":{"line":61,"column":3}},"line":58},"10":{"name":"saveChapterContent","decl":{"start":{"line":69,"column":9},"end":{"line":69,"column":27}},"loc":{"start":{"line":69,"column":49},"end":{"line":73,"column":1}},"line":69},"11":{"name":"(anonymous_11)","decl":{"start":{"line":70,"column":27},"end":{"line":70,"column":28}},"loc":{"start":{"line":70,"column":33},"end":{"line":72,"column":3}},"line":70}},"branchMap":{"0":{"loc":{"start":{"line":16,"column":22},"end":{"line":16,"column":63}},"type":"binary-expr","locations":[{"start":{"line":16,"column":22},"end":{"line":16,"column":55}},{"start":{"line":16,"column":59},"end":{"line":16,"column":63}}],"line":16},"1":{"loc":{"start":{"line":38,"column":22},"end":{"line":38,"column":72}},"type":"binary-expr","locations":[{"start":{"line":38,"column":22},"end":{"line":38,"column":64}},{"start":{"line":38,"column":68},"end":{"line":38,"column":72}}],"line":38},"2":{"loc":{"start":{"line":60,"column":11},"end":{"line":60,"column":47}},"type":"cond-expr","locations":[{"start":{"line":60,"column":21},"end":{"line":60,"column":40}},{"start":{"line":60,"column":43},"end":{"line":60,"column":47}}],"line":60}},"s":{"0":0,"1":0,"2":0,"3":0,"4":0,"5":0,"6":0,"7":0,"8":0,"9":0,"10":0,"11":0,"12":0},"f":{"0":0,"1":0,"2":0,"3":0,"4":0,"5":0,"6":0,"7":0,"8":0,"9":0,"10":0,"11":0},"b":{"0":[0,0],"1":[0,0],"2":[0,0]}}
}
