TN:
SF:js/main.js
FNF:0
FNH:0
DA:40,0
LF:1
LH:0
BRF:0
BRH:0
end_of_record
TN:
SF:js/modules/admin.js
FN:6,updateAdminCredentialsScreen
FN:10,toggleUserManagementScreen
FN:14,filterUsersScreen
FNF:3
FNH:0
FNDA:0,updateAdminCredentialsScreen
FNDA:0,toggleUserManagementScreen
FNDA:0,filterUsersScreen
DA:7,0
DA:11,0
DA:15,0
LF:3
LH:0
BRF:0
BRH:0
end_of_record
TN:
SF:js/modules/app-state.js
FNF:0
FNH:0
DA:8,0
DA:26,0
DA:32,0
DA:35,0
DA:36,0
DA:37,0
LF:6
LH:0
BRDA:27,0,0,0
BRDA:27,0,1,0
BRDA:28,1,0,0
BRDA:28,1,1,0
BRDA:29,2,0,0
BRDA:29,2,1,0
BRDA:32,3,0,0
BRDA:32,3,1,0
BRDA:35,4,0,0
BRDA:35,4,1,0
BRDA:35,5,0,0
BRDA:35,5,1,0
BRF:12
BRH:0
end_of_record
TN:
SF:js/modules/auth.js
FN:6,register
FN:12,(anonymous_1)
FN:20,login
FN:36,(anonymous_3)
FN:42,loginUser
FNF:5
FNH:0
FNDA:0,register
FNDA:0,(anonymous_1)
FNDA:0,login
FNDA:0,(anonymous_3)
FNDA:0,loginUser
DA:7,0
DA:8,0
DA:9,0
DA:10,0
DA:11,0
DA:12,0
DA:13,0
DA:14,0
DA:15,0
DA:16,0
DA:17,0
DA:21,0
DA:22,0
DA:25,0
DA:26,0
DA:27,0
DA:28,0
DA:29,0
DA:32,0
DA:33,0
DA:34,0
DA:35,0
DA:36,0
DA:37,0
DA:38,0
DA:39,0
DA:43,0
DA:44,0
DA:45,0
DA:46,0
DA:47,0
DA:50,0
DA:51,0
DA:52,0
DA:55,0
DA:56,0
DA:57,0
DA:58,0
DA:59,0
DA:60,0
DA:61,0
DA:62,0
DA:63,0
DA:64,0
DA:65,0
DA:67,0
DA:68,0
DA:69,0
DA:70,0
DA:71,0
DA:73,0
DA:74,0
DA:75,0
DA:76,0
DA:78,0
DA:79,0
LF:56
LH:0
BRDA:10,0,0,0
BRDA:10,0,1,0
BRDA:10,1,0,0
BRDA:10,1,1,0
BRDA:12,2,0,0
BRDA:12,2,1,0
BRDA:25,3,0,0
BRDA:25,3,1,0
BRDA:36,4,0,0
BRDA:36,4,1,0
BRDA:37,5,0,0
BRDA:37,5,1,0
BRDA:44,6,0,0
BRDA:44,6,1,0
BRDA:51,7,0,0
BRDA:51,7,1,0
BRDA:52,8,0,0
BRDA:52,8,1,0
BRDA:52,9,0,0
BRDA:52,9,1,0
BRDA:55,10,0,0
BRDA:55,10,1,0
BRDA:67,11,0,0
BRDA:67,11,1,0
BRDA:68,12,0,0
BRDA:68,12,1,0
BRDA:74,13,0,0
BRDA:74,13,1,0
BRDA:74,14,0,0
BRDA:74,14,1,0
BRDA:74,14,2,0
BRF:31
BRH:0
end_of_record
TN:
SF:js/modules/generation.js
FN:6,initSessionTimer
FN:7,(anonymous_1)
FNF:2
FNH:0
FNDA:0,initSessionTimer
FNDA:0,(anonymous_1)
DA:7,0
DA:8,0
DA:9,0
DA:10,0
DA:11,0
DA:12,0
DA:13,0
LF:7
LH:0
BRF:0
BRH:0
end_of_record
TN:
SF:js/modules/initialization.js
FN:8,(anonymous_0)
FNF:1
FNH:0
FNDA:0,(anonymous_0)
DA:8,0
DA:9,0
DA:10,0
DA:11,0
DA:12,0
DA:13,0
DA:14,0
DA:15,0
DA:16,0
LF:9
LH:0
BRF:0
BRH:0
end_of_record
TN:
SF:js/modules/navigation.js
FN:6,nextChapter
FN:12,prevChapter
FNF:2
FNH:0
FNDA:0,nextChapter
FNDA:0,prevChapter
DA:7,0
DA:8,0
DA:13,0
DA:14,0
LF:4
LH:0
BRDA:7,0,0,0
BRDA:7,0,1,0
BRDA:13,1,0,0
BRDA:13,1,1,0
BRF:4
BRH:0
end_of_record
TN:
SF:js/modules/story-timeline.js
FN:15,getTotalChaptersShouldExist
FNF:1
FNH:0
FNDA:0,getTotalChaptersShouldExist
DA:8,0
DA:9,0
DA:11,0
DA:12,0
DA:13,0
DA:16,0
DA:17,0
DA:18,0
LF:8
LH:0
BRDA:9,0,0,0
BRDA:9,0,1,0
BRDA:11,1,0,0
BRDA:11,1,1,0
BRDA:11,2,0,0
BRDA:11,2,1,0
BRDA:12,3,0,0
BRDA:12,3,1,0
BRDA:17,4,0,0
BRDA:17,4,1,0
BRF:10
BRH:0
end_of_record
TN:
SF:js/ui/dropdown.js
FN:16,toggleDropdown
FN:26,closeDropdown
FN:36,initDropdownClose
FN:37,(anonymous_3)
FNF:4
FNH:0
FNDA:0,toggleDropdown
FNDA:0,closeDropdown
FNDA:0,initDropdownClose
FNDA:0,(anonymous_3)
DA:17,0
DA:18,0
DA:27,0
DA:28,0
DA:37,0
DA:38,0
DA:39,0
LF:7
LH:0
BRDA:39,0,0,0
BRDA:39,0,1,0
BRDA:39,1,0,0
BRDA:39,1,1,0
BRF:4
BRH:0
end_of_record
TN:
SF:js/ui/modals.js
FN:13,openModal
FN:23,closeModal
FN:32,closeAllModals
FN:33,(anonymous_3)
FNF:4
FNH:0
FNDA:0,openModal
FNDA:0,closeModal
FNDA:0,closeAllModals
FNDA:0,(anonymous_3)
DA:14,0
DA:24,0
DA:33,0
LF:3
LH:0
BRF:0
BRH:0
end_of_record
TN:
SF:js/ui/notifications.js
FN:6,showNotification
FN:12,(anonymous_1)
FN:12,(anonymous_2)
FNF:3
FNH:0
FNDA:0,showNotification
FNDA:0,(anonymous_1)
FNDA:0,(anonymous_2)
DA:7,0
DA:8,0
DA:9,0
DA:10,0
DA:11,0
DA:12,0
DA:13,0
LF:7
LH:0
BRF:0
BRH:0
end_of_record
TN:
SF:js/ui/sidebar.js
FN:6,addSidebarItem
FN:11,(anonymous_1)
FN:22,toggleSidebar
FN:28,handleSidebarJumpKey
FN:32,jumpToChapter
FNF:5
FNH:0
FNDA:0,addSidebarItem
FNDA:0,(anonymous_1)
FNDA:0,toggleSidebar
FNDA:0,handleSidebarJumpKey
FNDA:0,jumpToChapter
DA:7,0
DA:8,0
DA:9,0
DA:10,0
DA:11,0
DA:12,0
DA:13,0
DA:15,0
DA:19,0
DA:23,0
DA:24,0
DA:25,0
DA:29,0
DA:33,0
DA:34,0
DA:36,0
DA:37,0
DA:38,0
DA:41,0
DA:42,0
DA:43,0
DA:46,0
DA:47,0
DA:50,0
DA:53,0
LF:25
LH:0
BRDA:13,0,0,0
BRDA:13,0,1,0
BRDA:29,1,0,0
BRDA:29,1,1,0
BRDA:36,2,0,0
BRDA:36,2,1,0
BRDA:36,3,0,0
BRDA:36,3,1,0
BRDA:41,4,0,0
BRDA:41,4,1,0
BRDA:50,5,0,0
BRDA:50,5,1,0
BRF:12
BRH:0
end_of_record
TN:
SF:js/ui/stats.js
FN:6,updateBadge
FN:13,getChapterStats
FN:23,updateStatsBar
FNF:3
FNH:0
FNDA:0,updateBadge
FNDA:0,getChapterStats
FNDA:0,updateStatsBar
DA:7,0
DA:15,0
DA:16,0
DA:17,0
DA:20,0
DA:25,0
LF:6
LH:0
BRDA:16,0,0,0
BRDA:16,0,1,0
BRDA:16,1,0,0
BRDA:16,1,1,0
BRF:4
BRH:0
end_of_record
TN:
SF:js/ui/text-size.js
FN:20,setTextSize
FN:34,applyTextSize
FN:47,updateTextSizeInput
FN:59,increaseTextSize
FN:68,decreaseTextSize
FN:77,resetTextSize
FNF:6
FNH:0
FNDA:0,setTextSize
FNDA:0,applyTextSize
FNDA:0,updateTextSizeInput
FNDA:0,increaseTextSize
FNDA:0,decreaseTextSize
FNDA:0,resetTextSize
DA:12,0
DA:21,0
DA:22,0
DA:23,0
DA:24,0
DA:25,0
DA:26,0
DA:35,0
DA:36,0
DA:37,0
DA:38,0
DA:48,0
DA:49,0
DA:50,0
DA:60,0
DA:69,0
DA:78,0
LF:17
LH:0
BRDA:12,0,0,0
BRDA:12,0,1,0
BRDA:22,1,0,0
BRDA:22,1,1,0
BRDA:23,2,0,0
BRDA:23,2,1,0
BRDA:36,3,0,0
BRDA:36,3,1,0
BRDA:49,4,0,0
BRDA:49,4,1,0
BRF:10
BRH:0
end_of_record
TN:
SF:js/utils/helpers.js
FN:6,getTotalChaptersShouldExist
FN:15,(anonymous_1)
FNF:2
FNH:0
FNDA:0,getTotalChaptersShouldExist
FNDA:0,(anonymous_1)
DA:7,0
DA:8,0
DA:9,0
DA:15,0
DA:16,0
DA:17,0
DA:18,0
DA:19,0
DA:20,0
DA:21,0
DA:22,0
DA:23,0
LF:12
LH:0
BRDA:8,0,0,0
BRDA:8,0,1,0
BRF:2
BRH:0
end_of_record
TN:
SF:js/utils/security.js
FN:18,sanitizeHTML
FN:32,sanitizeAttribute
FN:64,(anonymous_2)
FN:87,(anonymous_3)
FN:100,(anonymous_4)
FN:110,(anonymous_5)
FN:148,(anonymous_6)
FN:176,(anonymous_7)
FN:207,(anonymous_8)
FN:231,(anonymous_9)
FN:247,(anonymous_10)
FNF:11
FNH:0
FNDA:0,sanitizeHTML
FNDA:0,sanitizeAttribute
FNDA:0,(anonymous_2)
FNDA:0,(anonymous_3)
FNDA:0,(anonymous_4)
FNDA:0,(anonymous_5)
FNDA:0,(anonymous_6)
FNDA:0,(anonymous_7)
FNDA:0,(anonymous_8)
FNDA:0,(anonymous_9)
FNDA:0,(anonymous_10)
DA:19,0
DA:20,0
DA:21,0
DA:22,0
DA:33,0
DA:34,0
DA:48,0
DA:65,0
DA:66,0
DA:67,0
DA:70,0
DA:73,0
DA:74,0
DA:75,0
DA:78,0
DA:79,0
DA:88,0
DA:89,0
DA:90,0
DA:91,0
DA:92,0
DA:101,0
DA:102,0
DA:103,0
DA:111,0
DA:124,0
DA:149,0
DA:150,0
DA:152,0
DA:153,0
DA:156,0
DA:157,0
DA:164,0
DA:167,0
DA:177,0
DA:178,0
DA:179,0
DA:195,0
DA:208,0
DA:211,0
DA:212,0
DA:215,0
DA:216,0
DA:232,0
DA:233,0
DA:235,0
DA:236,0
DA:248,0
DA:249,0
DA:251,0
DA:252,0
LF:51
LH:0
BRDA:19,0,0,0
BRDA:19,0,1,0
BRDA:33,1,0,0
BRDA:33,1,1,0
BRDA:66,2,0,0
BRDA:66,2,1,0
BRDA:73,3,0,0
BRDA:73,3,1,0
BRDA:89,4,0,0
BRDA:89,4,1,0
BRDA:91,5,0,0
BRDA:91,5,1,0
BRDA:102,6,0,0
BRDA:102,6,1,0
BRDA:150,7,0,0
BRDA:150,7,1,0
BRDA:152,8,0,0
BRDA:152,8,1,0
BRDA:152,9,0,0
BRDA:152,9,1,0
BRDA:156,10,0,0
BRDA:156,10,1,0
BRDA:164,11,0,0
BRDA:164,11,1,0
BRDA:207,12,0,0
BRDA:211,13,0,0
BRDA:211,13,1,0
BRDA:215,14,0,0
BRDA:215,14,1,0
BRDA:231,15,0,0
BRDA:231,16,0,0
BRDA:247,17,0,0
BRDA:247,18,0,0
BRF:33
BRH:0
end_of_record
TN:
SF:js/utils/storage.js
FN:14,getUsers
FN:15,(anonymous_1)
FN:26,saveUsers
FN:27,(anonymous_3)
FN:36,getUsedParagraphs
FN:37,(anonymous_5)
FN:46,saveUsedParagraphs
FN:47,(anonymous_7)
FN:57,getChapterContent
FN:58,(anonymous_9)
FN:69,saveChapterContent
FN:70,(anonymous_11)
FNF:12
FNH:0
FNDA:0,getUsers
FNDA:0,(anonymous_1)
FNDA:0,saveUsers
FNDA:0,(anonymous_3)
FNDA:0,getUsedParagraphs
FNDA:0,(anonymous_5)
FNDA:0,saveUsedParagraphs
FNDA:0,(anonymous_7)
FNDA:0,getChapterContent
FNDA:0,(anonymous_9)
FNDA:0,saveChapterContent
FNDA:0,(anonymous_11)
DA:15,0
DA:16,0
DA:27,0
DA:28,0
DA:37,0
DA:38,0
DA:47,0
DA:48,0
DA:58,0
DA:59,0
DA:60,0
DA:70,0
DA:71,0
LF:13
LH:0
BRDA:16,0,0,0
BRDA:16,0,1,0
BRDA:38,1,0,0
BRDA:38,1,1,0
BRDA:60,2,0,0
BRDA:60,2,1,0
BRF:6
BRH:0
end_of_record
